Unity Editor version:    6000.2.9f1 (e0c4e791ab71)
Branch:                  6000.2/staging
Build type:              Release
Batch mode:              YES
macOS version:           Version 15.3 (Build 24D60)
Darwin version:          24.3.0
Architecture:            x86_64
Running under Rosetta:   NO
Available memory:        8192 MB
Date:                    2025-11-03T23:08:36Z
[Licensing::Module] Trying to connect to existing licensing client channel...
[Licensing::IpcConnector] Successfully connected to: "LicenseClient-salimanoe" at "2025-11-03T23:08:36.273036Z"

COMMAND LINE ARGUMENTS:
/Applications/Unity/Hub/Editor/6000.2.9f1/Unity.app/Contents/MacOS/Unity
-adb2
-batchMode
-noUpm
-name
AssetImportWorker1
-projectPath
/Users/salimanoe/Game Dev/My project
-logFile
Logs/AssetImportWorker1.log
-srvPort
50961
-licensingIpc
LicenseClient-salimanoe
-job-worker-count
3
-background-job-worker-count
8
-gc-helper-count
1
-name AssetImport
Successfully changed project path to: /Users/salimanoe/Game Dev/My project
/Users/salimanoe/Game Dev/My project
[UnityMemory] Configuration Parameters - Can be set up in boot.config
    "memorysetup-allocator-temp-initial-block-size-main=262144"
    "memorysetup-allocator-temp-initial-block-size-worker=262144"
    "memorysetup-bucket-allocator-granularity=16"
    "memorysetup-bucket-allocator-bucket-count=8"
    "memorysetup-bucket-allocator-block-size=33554432"
    "memorysetup-bucket-allocator-block-count=8"
    "memorysetup-main-allocator-block-size=16777216"
    "memorysetup-thread-allocator-block-size=16777216"
    "memorysetup-gfx-main-allocator-block-size=16777216"
    "memorysetup-gfx-thread-allocator-block-size=16777216"
    "memorysetup-cache-allocator-block-size=4194304"
    "memorysetup-typetree-allocator-block-size=2097152"
    "memorysetup-profiler-bucket-allocator-granularity=16"
    "memorysetup-profiler-bucket-allocator-bucket-count=8"
    "memorysetup-profiler-bucket-allocator-block-size=33554432"
    "memorysetup-profiler-bucket-allocator-block-count=8"
    "memorysetup-profiler-allocator-block-size=16777216"
    "memorysetup-profiler-editor-allocator-block-size=1048576"
    "memorysetup-temp-allocator-size-main=16777216"
    "memorysetup-job-temp-allocator-block-size=2097152"
    "memorysetup-job-temp-allocator-block-size-background=1048576"
    "memorysetup-job-temp-allocator-reduction-small-platforms=262144"
    "memorysetup-temp-allocator-size-background-worker=32768"
    "memorysetup-temp-allocator-size-job-worker=262144"
    "memorysetup-temp-allocator-size-preload-manager=33554432"
    "memorysetup-temp-allocator-size-nav-mesh-worker=65536"
    "memorysetup-temp-allocator-size-audio-worker=65536"
    "memorysetup-temp-allocator-size-cloud-worker=32768"
    "memorysetup-temp-allocator-size-gi-baking-worker=262144"
    "memorysetup-temp-allocator-size-gi-baking-worker=262144"
    "memorysetup-temp-allocator-size-gi-baking-worker=262144"
    "memorysetup-temp-allocator-size-gi-baking-worker=262144"
    "memorysetup-temp-allocator-size-gi-baking-worker=262144"
    "memorysetup-temp-allocator-size-gfx=262144"
Player connection [140704512834304]  Target information:

Player connection [140704512834304]  * "[IP] 10.100.128.85 [Port] 0 [Flags] 2 [Guid] 773544549 [EditorId] 773544549 [Version] 1048832 [Id] OSXEditor(0,MacBook-Pro-414.local) [Debug] 1 [PackageName] OSXEditor [ProjectName] Editor" 

Player connection [140704512834304] Host joined multi-casting on [225.0.0.222:54997]...
Player connection [140704512834304] Host joined alternative multi-casting on [225.0.0.222:34997]...
JobSystem: Creating JobQueue using job-worker-count value 3
Input System module state changed to: Initialized.
[Physics::Module] Initialized fallback backend.
[Physics::Module] Id: 0xdecafbad
Library Redirect Path: Library/
[Physics::Module] Selected backend.
[Physics::Module] Name: PhysX
[Physics::Module] Id: 0xf2b8ea05
[Physics::Module] SDK Version: 4.1.2
[Physics::Module] Integration Version: 1.0.0
[Physics::Module] Threading Mode: Multi-Threaded
Refreshing native plugins compatible for Editor in 9.23 ms, found 1 plugins.
Preloading 0 native plugins for Editor in 0.00 ms.
Initialize engine version: 6000.2.9f1 (e0c4e791ab71)
[Subsystems] Discovering subsystems at path /Applications/Unity/Hub/Editor/6000.2.9f1/Unity.app/Contents/Resources/UnitySubsystems
[Subsystems] Discovering subsystems at path /Users/salimanoe/Game Dev/My project/Assets
GfxDevice: creating device client; kGfxThreadingModeNonThreaded
Color LCD preferred device: Intel(R) Iris(TM) Plus Graphics 645 (low power)
Metal devices available: 1
0: Intel(R) Iris(TM) Plus Graphics 645 (low power)
Using device Intel(R) Iris(TM) Plus Graphics 645 (low power)
Initializing Metal device caps: Intel(R) Iris(TM) Plus Graphics 645
Mac GPU Family: 2
Apple GPU Family: 0
MSL Version: 3.0
Has Float MSAA: 1
Has Float Filtering: 1
ReadWrite Texture Tier: 1
Initialize mono
Mono path[0] = '/Applications/Unity/Hub/Editor/6000.2.9f1/Unity.app/Contents/Managed'
Mono path[1] = '/Applications/Unity/Hub/Editor/6000.2.9f1/Unity.app/Contents/MonoBleedingEdge/lib/mono/unityjit-macos'
Mono config path = '/Applications/Unity/Hub/Editor/6000.2.9f1/Unity.app/Contents/MonoBleedingEdge/etc'
Using monoOptions --debugger-agent=transport=dt_socket,embedding=1,server=y,suspend=n,address=127.0.0.1:56120
Begin MonoManager ReloadAssembly
Registering precompiled unity dll's ...
Register platform support module: /Applications/Unity/Hub/Editor/6000.2.9f1/Unity.app/Contents/PlaybackEngines/MacStandaloneSupport/UnityEditor.OSXStandalone.Extensions.dll
Registered in 0.002354 seconds.
[Licensing::Client] Code 10 while verifying Licensing Client signature (process Id: 1892, path: "/Applications/Unity Hub.app/Contents/Frameworks/UnityLicensingClient_V1.app/Contents/MacOS/Unity.Licensing.Client")
[Licensing::Module] LicensingClient has failed validation; ignoring
[Licensing::Client] Handshaking with LicensingClient:
  Version:                 1.17.3+a4e98f1
  Session Id:              0baea1a97397497881491d3d786f209e
  Correlation Id:          24786fb9b2bdd1d6017d00721ebed103
  External correlation Id: 243889029611998300
  Machine Id:              DZmoQtkwLuATNF3BKFT1qJwbuuw=
[Licensing::Module] Successfully connected to LicensingClient on channel: "LicenseClient-salimanoe" (connect: 0.00s, validation: 0.00s, handshake: 1.88s)
[Licensing::IpcConnector] Successfully connected to: "LicenseClient-salimanoe-notifications" at "2025-11-03T23:08:38.154979Z"
[Licensing::Module] Licensing Background thread has ended after 1.88s
- Loaded All Assemblies, in  1.108 seconds
Native extension for OSXStandalone target not found
Mono: successfully reloaded assembly
- Finished resetting the current domain, in  0.955 seconds
Domain Reload Profiling: 2063ms
	BeginReloadAssembly (411ms)
		ExecutionOrderSort (0ms)
		DisableScriptedObjects (0ms)
		BackupInstance (0ms)
		ReleaseScriptingObjects (0ms)
		CreateAndSetChildDomain (1ms)
	RebuildCommonClasses (117ms)
	RebuildNativeTypeToScriptingClass (40ms)
	initialDomainReloadingComplete (147ms)
	LoadAllAssembliesAndSetupDomain (392ms)
		LoadAssemblies (411ms)
		RebuildTransferFunctionScriptingTraits (0ms)
		AnalyzeDomain (384ms)
			TypeCache.Refresh (379ms)
				TypeCache.ScanAssembly (351ms)
			BuildScriptInfoCaches (0ms)
			ResolveRequiredComponents (1ms)
	FinalizeReload (956ms)
		ReleaseScriptCaches (0ms)
		RebuildScriptCaches (0ms)
		SetupLoadedEditorAssemblies (853ms)
			LogAssemblyErrors (0ms)
			InitializePlatformSupportModulesInManaged (102ms)
			SetLoadedEditorAssemblies (11ms)
			BeforeProcessingInitializeOnLoad (196ms)
			ProcessInitializeOnLoadAttributes (401ms)
			ProcessInitializeOnLoadMethodAttributes (143ms)
			AfterProcessingInitializeOnLoad (0ms)
			EditorAssembliesLoaded (0ms)
		ExecutionOrderSort2 (0ms)
		AwakeInstancesAfterBackupRestoration (0ms)
[CoreBusinessMetrics] Unexpected thread when updating session info.
[CoreBusinessMetrics] Unexpected thread when constructing MetricsHeader.
[CoreBusinessMetrics] Unexpected thread when constructing MetricsHeader.
========================================================================
Worker process is ready to serve import requests
Import Worker Mode flag is 0x00
Begin MonoManager ReloadAssembly
[Licensing::Client] Successfully resolved entitlement details
[Licensing::Module] License group:
  Id: F4-J6TW-NBEP-WMXT-XA6M-XXXX
  Product: Unity Personal
  Type: ULF
  Expiration: Unlimited
[Licensing::Module] License group:
  Id: 1375080557117-UnityPersXXXX
  Product: Unity Personal
  Type: Assigned
  Expiration: Unlimited
- Loaded All Assemblies, in  2.453 seconds
Refreshing native plugins compatible for Editor in 0.70 ms, found 1 plugins.
Native extension for OSXStandalone target not found
Package Manager log level set to [2]
[Package Manager] Failed to launch server process. Reason: Unity was launched with the -noUpm command-line argument
[Package Manager] Unable to send message (not connected to server process).
[Package Manager] Cannot connect to Unity Package Manager local server
Mono: successfully reloaded assembly
- Finished resetting the current domain, in  2.648 seconds
Domain Reload Profiling: 5089ms
	BeginReloadAssembly (443ms)
		ExecutionOrderSort (0ms)
		DisableScriptedObjects (18ms)
		BackupInstance (0ms)
		ReleaseScriptingObjects (0ms)
		CreateAndSetChildDomain (116ms)
	RebuildCommonClasses (120ms)
	RebuildNativeTypeToScriptingClass (34ms)
	initialDomainReloadingComplete (88ms)
	LoadAllAssembliesAndSetupDomain (1755ms)
		LoadAssemblies (1009ms)
		RebuildTransferFunctionScriptingTraits (0ms)
		AnalyzeDomain (918ms)
			TypeCache.Refresh (750ms)
				TypeCache.ScanAssembly (701ms)
			BuildScriptInfoCaches (128ms)
			ResolveRequiredComponents (28ms)
	FinalizeReload (2649ms)
		ReleaseScriptCaches (0ms)
		RebuildScriptCaches (0ms)
		SetupLoadedEditorAssemblies (2026ms)
			LogAssemblyErrors (0ms)
			InitializePlatformSupportModulesInManaged (7ms)
			SetLoadedEditorAssemblies (15ms)
			BeforeProcessingInitializeOnLoad (496ms)
			ProcessInitializeOnLoadAttributes (1307ms)
			ProcessInitializeOnLoadMethodAttributes (198ms)
			AfterProcessingInitializeOnLoad (3ms)
			EditorAssembliesLoaded (1ms)
		ExecutionOrderSort2 (0ms)
		AwakeInstancesAfterBackupRestoration (10ms)
WARNING: Shader Unsupported: 'Universal Render Pipeline/VR/SpatialMapping/Wireframe' - All subshaders removed
WARNING: Shader Did you use #pragma only_renderers and omit this platform?
WARNING: Shader If subshaders removal was intentional, you may have forgotten turning Fallback off?
WARNING: Shader Unsupported: 'Universal Render Pipeline/VR/SpatialMapping/Wireframe' - All subshaders removed
WARNING: Shader Did you use #pragma only_renderers and omit this platform?
WARNING: Shader If subshaders removal was intentional, you may have forgotten turning Fallback off?
Launching external process: /Applications/Unity/Hub/Editor/6000.2.9f1/Unity.app/Contents/Tools/UnityShaderCompiler
Launched and connected shader compiler UnityShaderCompiler after 0.22 seconds
Refreshing native plugins compatible for Editor in 0.91 ms, found 1 plugins.
Preloading 0 native plugins for Editor in 0.00 ms.
Unloading 29 Unused Serialized files (Serialized files now loaded: 0)
Unloading 6139 unused Assets / (6.8 MB). Loaded Objects now: 6804.
Memory consumption went from 131.8 MB to 125.0 MB.
Total: 28.699036 ms (FindLiveObjects: 2.495051 ms CreateObjectMapping: 1.926041 ms MarkObjects: 15.537669 ms  DeleteObjects: 8.737996 ms)

========================================================================
Received Import Request.
  Time since last request: 9608.382567 seconds.
  path: Assets/Settings/Mobile_RPAsset.asset
  artifactKey: Guid(5e6cbd92db86f4b18aec3ed561671858) Importer(2089858483,192608db42251d675da83286b1cce702)
Start importing Assets/Settings/Mobile_RPAsset.asset using Guid(5e6cbd92db86f4b18aec3ed561671858) Importer(2089858483,192608db42251d675da83286b1cce702) (ScriptedImporter) -> (artifact id: '51a105003cde1c4a9dd0958c488d116a') in 1.070979334 seconds
Number of updated asset objects reloaded before import = 0Number of asset objects unloaded after import = 2

========================================================================
Received Import Request.
  Time since last request: 0.000203 seconds.
  path: Assets/Settings/Mobile_Renderer.asset
  artifactKey: Guid(65bc7dbf4170f435aa868c779acfb082) Importer(2089858483,192608db42251d675da83286b1cce702)
Start importing Assets/Settings/Mobile_Renderer.asset using Guid(65bc7dbf4170f435aa868c779acfb082) Importer(2089858483,192608db42251d675da83286b1cce702) (ScriptedImporter) -> (artifact id: '4ab739097fba7e44e44d195fdbeaa41d') in 0.091911595 seconds
Number of updated asset objects reloaded before import = 0Number of asset objects unloaded after import = 1

========================================================================
Received Import Request.
  Time since last request: 0.000463 seconds.
  path: Assets/Settings/SampleSceneProfile.asset
  artifactKey: Guid(10fc4df2da32a41aaa32d77bc913491c) Importer(2089858483,192608db42251d675da83286b1cce702)
Start importing Assets/Settings/SampleSceneProfile.asset using Guid(10fc4df2da32a41aaa32d77bc913491c) Importer(2089858483,192608db42251d675da83286b1cce702) (ScriptedImporter) -> (artifact id: '0ba81a839f5756232bb99bebcf6da303') in 0.01004634 seconds
Number of updated asset objects reloaded before import = 0Number of asset objects unloaded after import = 1

========================================================================
Received Import Request.
  Time since last request: 0.000122 seconds.
  path: Assets/Settings/PC_RPAsset.asset
  artifactKey: Guid(4b83569d67af61e458304325a23e5dfd) Importer(2089858483,192608db42251d675da83286b1cce702)
Start importing Assets/Settings/PC_RPAsset.asset using Guid(4b83569d67af61e458304325a23e5dfd) Importer(2089858483,192608db42251d675da83286b1cce702) (ScriptedImporter) -> (artifact id: '004031e2ad468dec8da0cc0285637da6') in 0.059798579 seconds
Number of updated asset objects reloaded before import = 0Number of asset objects unloaded after import = 1

========================================================================
Received Import Request.
  Time since last request: 0.000178 seconds.
  path: Assets/TutorialInfo/Icons/URP.png
  artifactKey: Guid(727a75301c3d24613a3ebcec4a24c2c8) Importer(2089858483,192608db42251d675da83286b1cce702)
Start importing Assets/TutorialInfo/Icons/URP.png using Guid(727a75301c3d24613a3ebcec4a24c2c8) Importer(2089858483,192608db42251d675da83286b1cce702) (ScriptedImporter) -> (artifact id: 'c4ef0c58f816e2c9b0b88f6b7aa8e931') in 0.154655163 seconds
Number of updated asset objects reloaded before import = 0Number of asset objects unloaded after import = 1

========================================================================
Received Import Request.
  Time since last request: 0.000125 seconds.
  path: Assets/Settings/DefaultVolumeProfile.asset
  artifactKey: Guid(ab09877e2e707104187f6f83e2f62510) Importer(2089858483,192608db42251d675da83286b1cce702)
Start importing Assets/Settings/DefaultVolumeProfile.asset using Guid(ab09877e2e707104187f6f83e2f62510) Importer(2089858483,192608db42251d675da83286b1cce702) (ScriptedImporter) -> (artifact id: '6034251e94fb035d40954fe42b71e983') in 0.015326957 seconds
Number of updated asset objects reloaded before import = 0Number of asset objects unloaded after import = 0

========================================================================
Received Import Request.
  Time since last request: 0.000111 seconds.
  path: Assets/Readme.asset
  artifactKey: Guid(8105016687592461f977c054a80ce2f2) Importer(2089858483,192608db42251d675da83286b1cce702)
Start importing Assets/Readme.asset using Guid(8105016687592461f977c054a80ce2f2) Importer(2089858483,192608db42251d675da83286b1cce702) (ScriptedImporter) -> (artifact id: '3abc3d2103c6aef214cdffc83cdc95e0') in 0.011823293 seconds
Number of updated asset objects reloaded before import = 0Number of asset objects unloaded after import = 2

========================================================================
Received Import Request.
  Time since last request: 0.000143 seconds.
  path: Assets/TutorialInfo/Scripts/Readme.cs
  artifactKey: Guid(fcf7219bab7fe46a1ad266029b2fee19) Importer(2089858483,192608db42251d675da83286b1cce702)
Start importing Assets/TutorialInfo/Scripts/Readme.cs using Guid(fcf7219bab7fe46a1ad266029b2fee19) Importer(2089858483,192608db42251d675da83286b1cce702) (ScriptedImporter) -> (artifact id: '5c92ee1ca25872271d25bbef2587db2a') in 0.015459039 seconds
Number of updated asset objects reloaded before import = 0Number of asset objects unloaded after import = 0

========================================================================
Received Import Request.
  Time since last request: 198.653666 seconds.
  path: Assets/Scenes/Background/Fantasy Forests/Cottage 6 Tavern.png
  artifactKey: Guid(5666a7801b5cf426a86789b233fb0ffe) Importer(2089858483,192608db42251d675da83286b1cce702)
Start importing Assets/Scenes/Background/Fantasy Forests/Cottage 6 Tavern.png using Guid(5666a7801b5cf426a86789b233fb0ffe) Importer(2089858483,192608db42251d675da83286b1cce702) (ScriptedImporter) -> (artifact id: '4fd796d6189a64d2c5966ccaeb65528f') in 0.08082165 seconds
Number of updated asset objects reloaded before import = 0Number of asset objects unloaded after import = 1

========================================================================
Received Import Request.
  Time since last request: 0.000215 seconds.
  path: Assets/Scenes/Background/Fantasy Forests/Pink 1.png
  artifactKey: Guid(3a4ec8eccbcd14a69b1dd62631e15c82) Importer(2089858483,192608db42251d675da83286b1cce702)
Start importing Assets/Scenes/Background/Fantasy Forests/Pink 1.png using Guid(3a4ec8eccbcd14a69b1dd62631e15c82) Importer(2089858483,192608db42251d675da83286b1cce702) (ScriptedImporter) -> (artifact id: 'd5b003a31860e5f4453f94662c94632e') in 0.030377621 seconds
Number of updated asset objects reloaded before import = 0Number of asset objects unloaded after import = 1

========================================================================
Received Import Request.
  Time since last request: 0.000092 seconds.
  path: Assets/Scenes/Background/Fantasy Forests/Village Inn.png
  artifactKey: Guid(2435a6ae146f44a7498a1df3cd851cb7) Importer(2089858483,192608db42251d675da83286b1cce702)
Start importing Assets/Scenes/Background/Fantasy Forests/Village Inn.png using Guid(2435a6ae146f44a7498a1df3cd851cb7) Importer(2089858483,192608db42251d675da83286b1cce702) (ScriptedImporter) -> (artifact id: '5f33ce8d6e54010db50d722599077467') in 0.037343156 seconds
Number of updated asset objects reloaded before import = 0Number of asset objects unloaded after import = 1

========================================================================
Received Import Request.
  Time since last request: 0.000074 seconds.
  path: Assets/Scenes/Background/Fantasy Forests/Castle Staircase 2.png
  artifactKey: Guid(524a5021168d84601a1dd6880aff5e52) Importer(2089858483,192608db42251d675da83286b1cce702)
Start importing Assets/Scenes/Background/Fantasy Forests/Castle Staircase 2.png using Guid(524a5021168d84601a1dd6880aff5e52) Importer(2089858483,192608db42251d675da83286b1cce702) (ScriptedImporter) -> (artifact id: '314fec00f83cd7efd321ca43c5767bfc') in 0.02208562 seconds
Number of updated asset objects reloaded before import = 0Number of asset objects unloaded after import = 1

========================================================================
Received Import Request.
  Time since last request: 0.000077 seconds.
  path: Assets/Scenes/Background/Fantasy Forests/Mountain 1.png
  artifactKey: Guid(ee553c1e2c2794aeaa883e29bde6524e) Importer(2089858483,192608db42251d675da83286b1cce702)
Start importing Assets/Scenes/Background/Fantasy Forests/Mountain 1.png using Guid(ee553c1e2c2794aeaa883e29bde6524e) Importer(2089858483,192608db42251d675da83286b1cce702) (ScriptedImporter) -> (artifact id: '8eb1822724268d7b57fa3bf2fdd92b3d') in 0.017411133 seconds
Number of updated asset objects reloaded before import = 0Number of asset objects unloaded after import = 1

========================================================================
Received Import Request.
  Time since last request: 0.000102 seconds.
  path: Assets/Scenes/Background/Fantasy Forests/Snow 1.png
  artifactKey: Guid(a2c3c30f3f56a4ab0a59138908643f2e) Importer(2089858483,192608db42251d675da83286b1cce702)
Start importing Assets/Scenes/Background/Fantasy Forests/Snow 1.png using Guid(a2c3c30f3f56a4ab0a59138908643f2e) Importer(2089858483,192608db42251d675da83286b1cce702) (ScriptedImporter) -> (artifact id: '78598457f8dc3fed620cfecf611ab576') in 0.018938667 seconds
Number of updated asset objects reloaded before import = 0Number of asset objects unloaded after import = 1

========================================================================
Received Import Request.
  Time since last request: 0.000098 seconds.
  path: Assets/Scenes/Background/Fantasy Forests/Purple 1.png
  artifactKey: Guid(c0466c9c0bd694dd4b0db38527a5267f) Importer(2089858483,192608db42251d675da83286b1cce702)
Start importing Assets/Scenes/Background/Fantasy Forests/Purple 1.png using Guid(c0466c9c0bd694dd4b0db38527a5267f) Importer(2089858483,192608db42251d675da83286b1cce702) (ScriptedImporter) -> (artifact id: '4bfa92280a476af9a1b4b77216a9e498') in 0.018350665 seconds
Number of updated asset objects reloaded before import = 0Number of asset objects unloaded after import = 1

========================================================================
Received Import Request.
  Time since last request: 0.000076 seconds.
  path: Assets/Scenes/Background/Fantasy Forests/Cottage Bedroom.png
  artifactKey: Guid(36544d1e0e79b4eda8e581cde0ecb8c8) Importer(2089858483,192608db42251d675da83286b1cce702)
Start importing Assets/Scenes/Background/Fantasy Forests/Cottage Bedroom.png using Guid(36544d1e0e79b4eda8e581cde0ecb8c8) Importer(2089858483,192608db42251d675da83286b1cce702) (ScriptedImporter) -> (artifact id: 'a301c04b04d33250a234a5c984614f7f') in 0.021418677 seconds
Number of updated asset objects reloaded before import = 0Number of asset objects unloaded after import = 1

========================================================================
Received Import Request.
  Time since last request: 0.000068 seconds.
  path: Assets/Scenes/Background/Fantasy Forests/Ruins 6.png
  artifactKey: Guid(6ec01d874a5f24e95a08b7b914ec9ee6) Importer(2089858483,192608db42251d675da83286b1cce702)
Start importing Assets/Scenes/Background/Fantasy Forests/Ruins 6.png using Guid(6ec01d874a5f24e95a08b7b914ec9ee6) Importer(2089858483,192608db42251d675da83286b1cce702) (ScriptedImporter) -> (artifact id: '4316ac9ddafafdbd3922ea8742c9a3da') in 0.017643662 seconds
Number of updated asset objects reloaded before import = 0Number of asset objects unloaded after import = 1

========================================================================
Received Import Request.
  Time since last request: 0.000068 seconds.
  path: Assets/Scenes/Background/Fantasy Forests/Beach.png
  artifactKey: Guid(715482d0142e44139a5aa200d7a4fb38) Importer(2089858483,192608db42251d675da83286b1cce702)
Start importing Assets/Scenes/Background/Fantasy Forests/Beach.png using Guid(715482d0142e44139a5aa200d7a4fb38) Importer(2089858483,192608db42251d675da83286b1cce702) (ScriptedImporter) -> (artifact id: '4da350c11f3de2c13a18b3540e41bd81') in 0.017788208 seconds
Number of updated asset objects reloaded before import = 0Number of asset objects unloaded after import = 1

========================================================================
Received Import Request.
  Time since last request: 0.000117 seconds.
  path: Assets/Scenes/Background/Fantasy Forests/Ruins 7.png
  artifactKey: Guid(0d1045bfbb0204d4387b3e862a061daf) Importer(2089858483,192608db42251d675da83286b1cce702)
Start importing Assets/Scenes/Background/Fantasy Forests/Ruins 7.png using Guid(0d1045bfbb0204d4387b3e862a061daf) Importer(2089858483,192608db42251d675da83286b1cce702) (ScriptedImporter) -> (artifact id: '4ae0898b4fbcce1334fccd87fd6136ea') in 0.015746254 seconds
Number of updated asset objects reloaded before import = 0Number of asset objects unloaded after import = 1

========================================================================
Received Import Request.
  Time since last request: 0.000085 seconds.
  path: Assets/Scenes/Background/Fantasy Forests/Castle Ruins 1.png
  artifactKey: Guid(8dd4dc78e9c1d45b5ab21af3f5bb2b9e) Importer(2089858483,192608db42251d675da83286b1cce702)
Start importing Assets/Scenes/Background/Fantasy Forests/Castle Ruins 1.png using Guid(8dd4dc78e9c1d45b5ab21af3f5bb2b9e) Importer(2089858483,192608db42251d675da83286b1cce702) (ScriptedImporter) -> (artifact id: 'c257d09604a40f5d1425c1ea5e286298') in 0.016293626 seconds
Number of updated asset objects reloaded before import = 0Number of asset objects unloaded after import = 1

========================================================================
Received Import Request.
  Time since last request: 0.000079 seconds.
  path: Assets/Scenes/Background/Fantasy Forests/Mist 2.png
  artifactKey: Guid(2528c2c8c2dc04141af8bb0ad03980ee) Importer(2089858483,192608db42251d675da83286b1cce702)
Start importing Assets/Scenes/Background/Fantasy Forests/Mist 2.png using Guid(2528c2c8c2dc04141af8bb0ad03980ee) Importer(2089858483,192608db42251d675da83286b1cce702) (ScriptedImporter) -> (artifact id: 'e43ef3bc6b143e7ce3bab80316c03fb6') in 0.020811353 seconds
Number of updated asset objects reloaded before import = 0Number of asset objects unloaded after import = 1

========================================================================
Received Import Request.
  Time since last request: 0.000088 seconds.
  path: Assets/Scenes/Background/Fantasy Forests/Dark 7.png
  artifactKey: Guid(c15fb61aa4e374481a878fe84a85a2d7) Importer(2089858483,192608db42251d675da83286b1cce702)
Start importing Assets/Scenes/Background/Fantasy Forests/Dark 7.png using Guid(c15fb61aa4e374481a878fe84a85a2d7) Importer(2089858483,192608db42251d675da83286b1cce702) (ScriptedImporter) -> (artifact id: '6ea9c55a929d356f0b406b206e54b26b') in 0.020259158 seconds
Number of updated asset objects reloaded before import = 0Number of asset objects unloaded after import = 1

========================================================================
Received Import Request.
  Time since last request: 0.000070 seconds.
  path: Assets/Scenes/Background/Fantasy Forests/Dark 3.png
  artifactKey: Guid(09a074ebd9b63406bb3cc6050351b685) Importer(2089858483,192608db42251d675da83286b1cce702)
Start importing Assets/Scenes/Background/Fantasy Forests/Dark 3.png using Guid(09a074ebd9b63406bb3cc6050351b685) Importer(2089858483,192608db42251d675da83286b1cce702) (ScriptedImporter) -> (artifact id: '95d1af14444aed16832210067a71d61c') in 0.017011477 seconds
Number of updated asset objects reloaded before import = 0Number of asset objects unloaded after import = 1

========================================================================
Received Import Request.
  Time since last request: 0.000078 seconds.
  path: Assets/Scenes/Background/Fantasy Forests/Fields 3.png
  artifactKey: Guid(845506cddb1ca4c86b88a9dc8dc363d8) Importer(2089858483,192608db42251d675da83286b1cce702)
Start importing Assets/Scenes/Background/Fantasy Forests/Fields 3.png using Guid(845506cddb1ca4c86b88a9dc8dc363d8) Importer(2089858483,192608db42251d675da83286b1cce702) (ScriptedImporter) -> (artifact id: 'fbc7e74d03806d616938d10bde6758fb') in 0.018095362 seconds
Number of updated asset objects reloaded before import = 0Number of asset objects unloaded after import = 1

========================================================================
Received Import Request.
  Time since last request: 0.000083 seconds.
  path: Assets/Scenes/Background/Fantasy Forests/Cottage Table 2.png
  artifactKey: Guid(a645fef2f127a45a8bddca1da564922f) Importer(2089858483,192608db42251d675da83286b1cce702)
Start importing Assets/Scenes/Background/Fantasy Forests/Cottage Table 2.png using Guid(a645fef2f127a45a8bddca1da564922f) Importer(2089858483,192608db42251d675da83286b1cce702) (ScriptedImporter) -> (artifact id: '4bd693fc7253585e56ccb8180c2fe499') in 0.022684682 seconds
Number of updated asset objects reloaded before import = 0Number of asset objects unloaded after import = 1

========================================================================
Received Import Request.
  Time since last request: 0.000124 seconds.
  path: Assets/Scenes/Background/Fantasy Forests/Clearing 4.png
  artifactKey: Guid(7425b3f3a99f94d458707e38ed6afe77) Importer(2089858483,192608db42251d675da83286b1cce702)
Start importing Assets/Scenes/Background/Fantasy Forests/Clearing 4.png using Guid(7425b3f3a99f94d458707e38ed6afe77) Importer(2089858483,192608db42251d675da83286b1cce702) (ScriptedImporter) -> (artifact id: '4a647e0a82b40f961109389f05a832f3') in 0.020506823 seconds
Number of updated asset objects reloaded before import = 0Number of asset objects unloaded after import = 1

========================================================================
Received Import Request.
  Time since last request: 0.000104 seconds.
  path: Assets/Scenes/Background/Fantasy Forests/Water River 3.png
  artifactKey: Guid(1bd9a4cc089004b75b77be338731fa90) Importer(2089858483,192608db42251d675da83286b1cce702)
Start importing Assets/Scenes/Background/Fantasy Forests/Water River 3.png using Guid(1bd9a4cc089004b75b77be338731fa90) Importer(2089858483,192608db42251d675da83286b1cce702) (ScriptedImporter) -> (artifact id: '405a627badf1811c09f03ae1c03e4b82') in 0.015501995 seconds
Number of updated asset objects reloaded before import = 0Number of asset objects unloaded after import = 1

========================================================================
Received Import Request.
  Time since last request: 0.000093 seconds.
  path: Assets/Scenes/Background/Fantasy Forests/Fields 1.png
  artifactKey: Guid(4f1ea1afe0daa4d688cc1f981130efb1) Importer(2089858483,192608db42251d675da83286b1cce702)
Start importing Assets/Scenes/Background/Fantasy Forests/Fields 1.png using Guid(4f1ea1afe0daa4d688cc1f981130efb1) Importer(2089858483,192608db42251d675da83286b1cce702) (ScriptedImporter) -> (artifact id: 'eff5359427665accc5619da8e1ed132a') in 0.014297862 seconds
Number of updated asset objects reloaded before import = 0Number of asset objects unloaded after import = 1

========================================================================
Received Import Request.
  Time since last request: 0.000125 seconds.
  path: Assets/Scenes/Background/Fantasy Forests/Crystals.png
  artifactKey: Guid(0dae82211f2744b96a8f842cd9828c15) Importer(2089858483,192608db42251d675da83286b1cce702)
Start importing Assets/Scenes/Background/Fantasy Forests/Crystals.png using Guid(0dae82211f2744b96a8f842cd9828c15) Importer(2089858483,192608db42251d675da83286b1cce702) (ScriptedImporter) -> (artifact id: 'c439de835d0d76cff777772611632629') in 0.016337895 seconds
Number of updated asset objects reloaded before import = 0Number of asset objects unloaded after import = 1

========================================================================
Received Import Request.
  Time since last request: 0.000118 seconds.
  path: Assets/Scenes/Background/Fantasy Forests/Ruins 4.png
  artifactKey: Guid(485913f2707ed47b781f984e762db886) Importer(2089858483,192608db42251d675da83286b1cce702)
Start importing Assets/Scenes/Background/Fantasy Forests/Ruins 4.png using Guid(485913f2707ed47b781f984e762db886) Importer(2089858483,192608db42251d675da83286b1cce702) (ScriptedImporter) -> (artifact id: '717ca3e59c1b99d9cee06e3fa43763dc') in 0.02187307 seconds
Number of updated asset objects reloaded before import = 0Number of asset objects unloaded after import = 1

========================================================================
Received Import Request.
  Time since last request: 0.000089 seconds.
  path: Assets/Scenes/Background/Fantasy Forests/Gold 1.png
  artifactKey: Guid(a446fc2f315e0468eafeae1090bd44f5) Importer(2089858483,192608db42251d675da83286b1cce702)
Start importing Assets/Scenes/Background/Fantasy Forests/Gold 1.png using Guid(a446fc2f315e0468eafeae1090bd44f5) Importer(2089858483,192608db42251d675da83286b1cce702) (ScriptedImporter) -> (artifact id: '704e6c5bb059fe7c77b4cba180927251') in 0.025423612 seconds
Number of updated asset objects reloaded before import = 0Number of asset objects unloaded after import = 1

========================================================================
Received Import Request.
  Time since last request: 0.000095 seconds.
  path: Assets/Scenes/Background/Fantasy Forests/Purple 3.png
  artifactKey: Guid(c2aa38d06f1af4b319db8feea02d3964) Importer(2089858483,192608db42251d675da83286b1cce702)
Start importing Assets/Scenes/Background/Fantasy Forests/Purple 3.png using Guid(c2aa38d06f1af4b319db8feea02d3964) Importer(2089858483,192608db42251d675da83286b1cce702) (ScriptedImporter) -> (artifact id: 'f2a6cceb36561ebe8c0c832a87f8fc4e') in 0.016675369 seconds
Number of updated asset objects reloaded before import = 0Number of asset objects unloaded after import = 1

========================================================================
Received Import Request.
  Time since last request: 0.000119 seconds.
  path: Assets/Scenes/Background/Fantasy Forests/Water River 1.png
  artifactKey: Guid(7de03471ef0e4445385c26cd107b4bb9) Importer(2089858483,192608db42251d675da83286b1cce702)
Start importing Assets/Scenes/Background/Fantasy Forests/Water River 1.png using Guid(7de03471ef0e4445385c26cd107b4bb9) Importer(2089858483,192608db42251d675da83286b1cce702) (ScriptedImporter) -> (artifact id: '487704f7e525062f30fa83cc07228d9c') in 0.013758467 seconds
Number of updated asset objects reloaded before import = 0Number of asset objects unloaded after import = 1

========================================================================
Received Import Request.
  Time since last request: 0.000088 seconds.
  path: Assets/Scenes/Background/Fantasy Forests/Waterlilies.png
  artifactKey: Guid(20fb0cc76f0b3488b86e033d5d856fdc) Importer(2089858483,192608db42251d675da83286b1cce702)
Start importing Assets/Scenes/Background/Fantasy Forests/Waterlilies.png using Guid(20fb0cc76f0b3488b86e033d5d856fdc) Importer(2089858483,192608db42251d675da83286b1cce702) (ScriptedImporter) -> (artifact id: 'bcf93647846d28de252c05a58a577089') in 0.015925728 seconds
Number of updated asset objects reloaded before import = 0Number of asset objects unloaded after import = 1

========================================================================
Received Import Request.
  Time since last request: 0.000072 seconds.
  path: Assets/Scenes/Background/Fantasy Forests/Trees 1.png
  artifactKey: Guid(3b22b94b9af3a45b78c374550e09994f) Importer(2089858483,192608db42251d675da83286b1cce702)
Start importing Assets/Scenes/Background/Fantasy Forests/Trees 1.png using Guid(3b22b94b9af3a45b78c374550e09994f) Importer(2089858483,192608db42251d675da83286b1cce702) (ScriptedImporter) -> (artifact id: '810bcf6a2195c59f7c1f54233becf789') in 0.01627604 seconds
Number of updated asset objects reloaded before import = 0Number of asset objects unloaded after import = 1

========================================================================
Received Import Request.
  Time since last request: 0.000152 seconds.
  path: Assets/Scenes/Background/Fantasy Forests/Birch 1.png
  artifactKey: Guid(d908f6e81de024e2387c2d415330173a) Importer(2089858483,192608db42251d675da83286b1cce702)
Start importing Assets/Scenes/Background/Fantasy Forests/Birch 1.png using Guid(d908f6e81de024e2387c2d415330173a) Importer(2089858483,192608db42251d675da83286b1cce702) (ScriptedImporter) -> (artifact id: '9ea6c58b8c9761dbfc880db00c6b6998') in 0.019088111 seconds
Number of updated asset objects reloaded before import = 0Number of asset objects unloaded after import = 1

========================================================================
Received Import Request.
  Time since last request: 0.000088 seconds.
  path: Assets/Scenes/Background/Fantasy Forests/Trees 4.png
  artifactKey: Guid(2d9f55352fb4c4a1588b372750b7d81e) Importer(2089858483,192608db42251d675da83286b1cce702)
Start importing Assets/Scenes/Background/Fantasy Forests/Trees 4.png using Guid(2d9f55352fb4c4a1588b372750b7d81e) Importer(2089858483,192608db42251d675da83286b1cce702) (ScriptedImporter) -> (artifact id: 'b0e283a28c9aa2ee16784af145f06c83') in 0.01407827 seconds
Number of updated asset objects reloaded before import = 0Number of asset objects unloaded after import = 1

========================================================================
Received Import Request.
  Time since last request: 0.000104 seconds.
  path: Assets/Scenes/Background/Fantasy Forests/Berries.png
  artifactKey: Guid(d6e055eff6ac741a5b4f40aeaf5cd5dd) Importer(2089858483,192608db42251d675da83286b1cce702)
Start importing Assets/Scenes/Background/Fantasy Forests/Berries.png using Guid(d6e055eff6ac741a5b4f40aeaf5cd5dd) Importer(2089858483,192608db42251d675da83286b1cce702) (ScriptedImporter) -> (artifact id: '23c79f53df13abf504cb92fb4426e5a2') in 0.017774096 seconds
Number of updated asset objects reloaded before import = 0Number of asset objects unloaded after import = 1

========================================================================
Received Import Request.
  Time since last request: 0.000070 seconds.
  path: Assets/Scenes/Background/Fantasy Forests/Castle Windows.png
  artifactKey: Guid(2e836449b24da4b399ca54b2b0dbd5fd) Importer(2089858483,192608db42251d675da83286b1cce702)
Start importing Assets/Scenes/Background/Fantasy Forests/Castle Windows.png using Guid(2e836449b24da4b399ca54b2b0dbd5fd) Importer(2089858483,192608db42251d675da83286b1cce702) (ScriptedImporter) -> (artifact id: 'd4125b0836027385ce176a27b7872d51') in 0.015444494 seconds
Number of updated asset objects reloaded before import = 0Number of asset objects unloaded after import = 1

========================================================================
Received Import Request.
  Time since last request: 0.000105 seconds.
  path: Assets/Scenes/Background/Fantasy Forests/Dark 5.png
  artifactKey: Guid(83cbe510c3eb84faeb4491b8d38b6518) Importer(2089858483,192608db42251d675da83286b1cce702)
Start importing Assets/Scenes/Background/Fantasy Forests/Dark 5.png using Guid(83cbe510c3eb84faeb4491b8d38b6518) Importer(2089858483,192608db42251d675da83286b1cce702) (ScriptedImporter) -> (artifact id: '9b8bb7e18b8a6981f8737bba2aa2f5e4') in 0.017044418 seconds
Number of updated asset objects reloaded before import = 0Number of asset objects unloaded after import = 1

========================================================================
Received Import Request.
  Time since last request: 0.000080 seconds.
  path: Assets/Scenes/Background/Fantasy Forests/Mist 4.png
  artifactKey: Guid(baba41354a73b4b18814fb1c84b65acc) Importer(2089858483,192608db42251d675da83286b1cce702)
Start importing Assets/Scenes/Background/Fantasy Forests/Mist 4.png using Guid(baba41354a73b4b18814fb1c84b65acc) Importer(2089858483,192608db42251d675da83286b1cce702) (ScriptedImporter) -> (artifact id: '842c5d0bdb3c47f4c74e1bab457fdd4f') in 0.019168582 seconds
Number of updated asset objects reloaded before import = 0Number of asset objects unloaded after import = 1

========================================================================
Received Import Request.
  Time since last request: 0.000102 seconds.
  path: Assets/Scenes/Background/Fantasy Forests/Village Tavern 2.png
  artifactKey: Guid(702775fc6afa146f5a173362f84d9c54) Importer(2089858483,192608db42251d675da83286b1cce702)
Start importing Assets/Scenes/Background/Fantasy Forests/Village Tavern 2.png using Guid(702775fc6afa146f5a173362f84d9c54) Importer(2089858483,192608db42251d675da83286b1cce702) (ScriptedImporter) -> (artifact id: '6a955a6d046fe749b8b392ceba15bd48') in 0.016623015 seconds
Number of updated asset objects reloaded before import = 0Number of asset objects unloaded after import = 1

========================================================================
Received Import Request.
  Time since last request: 0.000096 seconds.
  path: Assets/Scenes/Background/Fantasy Forests/Castle Gardens.png
  artifactKey: Guid(e92b82ab43b0043248c6487e7dd4a7a6) Importer(2089858483,192608db42251d675da83286b1cce702)
Start importing Assets/Scenes/Background/Fantasy Forests/Castle Gardens.png using Guid(e92b82ab43b0043248c6487e7dd4a7a6) Importer(2089858483,192608db42251d675da83286b1cce702) (ScriptedImporter) -> (artifact id: 'f204836720b72845a39af431017e54f2') in 0.014650236 seconds
Number of updated asset objects reloaded before import = 0Number of asset objects unloaded after import = 1

========================================================================
Received Import Request.
  Time since last request: 0.000146 seconds.
  path: Assets/Scenes/Background/Fantasy Forests/Birch 2.png
  artifactKey: Guid(9427fb65bdd3243ed824dacf073dcfbc) Importer(2089858483,192608db42251d675da83286b1cce702)
Start importing Assets/Scenes/Background/Fantasy Forests/Birch 2.png using Guid(9427fb65bdd3243ed824dacf073dcfbc) Importer(2089858483,192608db42251d675da83286b1cce702) (ScriptedImporter) -> (artifact id: 'a2931dd3abd4c8785f129003723c58c8') in 0.016418435 seconds
Number of updated asset objects reloaded before import = 0Number of asset objects unloaded after import = 1

========================================================================
Received Import Request.
  Time since last request: 0.000163 seconds.
  path: Assets/Scenes/Background/Fantasy Forests/Cottage Kitchen 1.png
  artifactKey: Guid(1aa21efec00414e689c5378db573dc83) Importer(2089858483,192608db42251d675da83286b1cce702)
Start importing Assets/Scenes/Background/Fantasy Forests/Cottage Kitchen 1.png using Guid(1aa21efec00414e689c5378db573dc83) Importer(2089858483,192608db42251d675da83286b1cce702) (ScriptedImporter) -> (artifact id: 'f20ffcb1c00acf211636f49c3f5453ea') in 0.01532243 seconds
Number of updated asset objects reloaded before import = 0Number of asset objects unloaded after import = 1

========================================================================
Received Import Request.
  Time since last request: 0.000063 seconds.
  path: Assets/Scenes/Background/Fantasy Forests/Village Shop.png
  artifactKey: Guid(0a54a781a9db848a8ad810d90d15a97a) Importer(2089858483,192608db42251d675da83286b1cce702)
Start importing Assets/Scenes/Background/Fantasy Forests/Village Shop.png using Guid(0a54a781a9db848a8ad810d90d15a97a) Importer(2089858483,192608db42251d675da83286b1cce702) (ScriptedImporter) -> (artifact id: '3aefc317eec16f2d129952d4f76addce') in 0.018939992 seconds
Number of updated asset objects reloaded before import = 0Number of asset objects unloaded after import = 1

========================================================================
Received Import Request.
  Time since last request: 0.000089 seconds.
  path: Assets/Scenes/Background/Fantasy Forests/Castle Throne Room 2.png
  artifactKey: Guid(70d81d8df11304d0ab0d6130c986aea1) Importer(2089858483,192608db42251d675da83286b1cce702)
Start importing Assets/Scenes/Background/Fantasy Forests/Castle Throne Room 2.png using Guid(70d81d8df11304d0ab0d6130c986aea1) Importer(2089858483,192608db42251d675da83286b1cce702) (ScriptedImporter) -> (artifact id: 'c23d8fcd7970e92651b349f172b5995b') in 0.015703403 seconds
Number of updated asset objects reloaded before import = 0Number of asset objects unloaded after import = 1

========================================================================
Received Import Request.
  Time since last request: 0.000073 seconds.
  path: Assets/Scenes/Background/Fantasy Forests/Clearing 6.png
  artifactKey: Guid(501c460d74e184377b846d87489f0c75) Importer(2089858483,192608db42251d675da83286b1cce702)
Start importing Assets/Scenes/Background/Fantasy Forests/Clearing 6.png using Guid(501c460d74e184377b846d87489f0c75) Importer(2089858483,192608db42251d675da83286b1cce702) (ScriptedImporter) -> (artifact id: '0311329634fadf3e7c74dd6508c7705b') in 0.014607281 seconds
Number of updated asset objects reloaded before import = 0Number of asset objects unloaded after import = 1

========================================================================
Received Import Request.
  Time since last request: 0.000121 seconds.
  path: Assets/Scenes/Background/Fantasy Forests/Dark 4.png
  artifactKey: Guid(6cfecbd4dc1a34aeba308c45390e0d50) Importer(2089858483,192608db42251d675da83286b1cce702)
Start importing Assets/Scenes/Background/Fantasy Forests/Dark 4.png using Guid(6cfecbd4dc1a34aeba308c45390e0d50) Importer(2089858483,192608db42251d675da83286b1cce702) (ScriptedImporter) -> (artifact id: '8e0cba04b74100793119fc13e97bdf4e') in 0.01646813 seconds
Number of updated asset objects reloaded before import = 0Number of asset objects unloaded after import = 1

========================================================================
Received Import Request.
  Time since last request: 0.000189 seconds.
  path: Assets/Scenes/Background/Fantasy Forests
  artifactKey: Guid(4590f5a68e1764dc1afaeb4009e053f5) Importer(2089858483,192608db42251d675da83286b1cce702)
Start importing Assets/Scenes/Background/Fantasy Forests using Guid(4590f5a68e1764dc1afaeb4009e053f5) Importer(2089858483,192608db42251d675da83286b1cce702) (ScriptedImporter) -> (artifact id: '806146b57903b9991940ab7cd6dc522a') in 0.004734164 seconds
Number of updated asset objects reloaded before import = 0Number of asset objects unloaded after import = 1

========================================================================
Received Import Request.
  Time since last request: 0.000092 seconds.
  path: Assets/Scenes/Background/Fantasy Forests/Fields 2.png
  artifactKey: Guid(45eeb8005c878498bb9c28473c4ce6d9) Importer(2089858483,192608db42251d675da83286b1cce702)
Start importing Assets/Scenes/Background/Fantasy Forests/Fields 2.png using Guid(45eeb8005c878498bb9c28473c4ce6d9) Importer(2089858483,192608db42251d675da83286b1cce702) (ScriptedImporter) -> (artifact id: '297bbfab0fdd4f4617a004ef167c7728') in 0.017084147 seconds
Number of updated asset objects reloaded before import = 0Number of asset objects unloaded after import = 1

========================================================================
Received Import Request.
  Time since last request: 0.000142 seconds.
  path: Assets/Scenes/Background/Fantasy Forests/Path 5.png
  artifactKey: Guid(c32aba47f200848768799182a91126ae) Importer(2089858483,192608db42251d675da83286b1cce702)
Start importing Assets/Scenes/Background/Fantasy Forests/Path 5.png using Guid(c32aba47f200848768799182a91126ae) Importer(2089858483,192608db42251d675da83286b1cce702) (ScriptedImporter) -> (artifact id: 'a601bb75453dfdcd3035afb54015ee43') in 0.027645575 seconds
Number of updated asset objects reloaded before import = 0Number of asset objects unloaded after import = 1

========================================================================
Received Import Request.
  Time since last request: 0.000083 seconds.
  path: Assets/Scenes/Background/Fantasy Forests/Trees 5.png
  artifactKey: Guid(7128ff98aa13a43b2b700a7761cd9818) Importer(2089858483,192608db42251d675da83286b1cce702)
Start importing Assets/Scenes/Background/Fantasy Forests/Trees 5.png using Guid(7128ff98aa13a43b2b700a7761cd9818) Importer(2089858483,192608db42251d675da83286b1cce702) (ScriptedImporter) -> (artifact id: '681dc2f8640401f0b1b73808ac385335') in 0.031262388 seconds
Number of updated asset objects reloaded before import = 0Number of asset objects unloaded after import = 1

========================================================================
Received Import Request.
  Time since last request: 0.000100 seconds.
  path: Assets/Scenes/Background/Fantasy Forests/Doorway.png
  artifactKey: Guid(219e01cd4edbf4cafa714c0f6ecce034) Importer(2089858483,192608db42251d675da83286b1cce702)
Start importing Assets/Scenes/Background/Fantasy Forests/Doorway.png using Guid(219e01cd4edbf4cafa714c0f6ecce034) Importer(2089858483,192608db42251d675da83286b1cce702) (ScriptedImporter) -> (artifact id: '03ebe9ff95834a5bc67f31f8a397808b') in 0.019333302 seconds
Number of updated asset objects reloaded before import = 0Number of asset objects unloaded after import = 1

========================================================================
Received Import Request.
  Time since last request: 0.000206 seconds.
  path: Assets/Scenes/Background/Fantasy Forests/Castle Throne Room 1.png
  artifactKey: Guid(0191b90937b6643a99c7393a48731258) Importer(2089858483,192608db42251d675da83286b1cce702)
Start importing Assets/Scenes/Background/Fantasy Forests/Castle Throne Room 1.png using Guid(0191b90937b6643a99c7393a48731258) Importer(2089858483,192608db42251d675da83286b1cce702) (ScriptedImporter) -> (artifact id: '491861bccfd57237e6b257083b49dc56') in 0.016677242 seconds
Number of updated asset objects reloaded before import = 0Number of asset objects unloaded after import = 1

========================================================================
Received Import Request.
  Time since last request: 0.000122 seconds.
  path: Assets/Scenes/Background/Fantasy Forests/Mushrooms 2.png
  artifactKey: Guid(d5e6faba4bc85437dadf58941215bf63) Importer(2089858483,192608db42251d675da83286b1cce702)
Start importing Assets/Scenes/Background/Fantasy Forests/Mushrooms 2.png using Guid(d5e6faba4bc85437dadf58941215bf63) Importer(2089858483,192608db42251d675da83286b1cce702) (ScriptedImporter) -> (artifact id: 'a1b20df2a89bd96b42a6c68b8f1fba1c') in 0.015868973 seconds
Number of updated asset objects reloaded before import = 0Number of asset objects unloaded after import = 1

========================================================================
Received Import Request.
  Time since last request: 0.000091 seconds.
  path: Assets/Scenes/Background/Fantasy Forests/Cottage 2.png
  artifactKey: Guid(3145d0635d3ab441b9f885e6fa4c62ad) Importer(2089858483,192608db42251d675da83286b1cce702)
Start importing Assets/Scenes/Background/Fantasy Forests/Cottage 2.png using Guid(3145d0635d3ab441b9f885e6fa4c62ad) Importer(2089858483,192608db42251d675da83286b1cce702) (ScriptedImporter) -> (artifact id: 'a532f636b0cc4061b8c84facb563a3f0') in 0.015795249 seconds
Number of updated asset objects reloaded before import = 0Number of asset objects unloaded after import = 1

========================================================================
Received Import Request.
  Time since last request: 0.000065 seconds.
  path: Assets/Scenes/Background/Fantasy Forests/Ruins 3.png
  artifactKey: Guid(0a01ef03a4cc84bf3aee7ddc2efeee31) Importer(2089858483,192608db42251d675da83286b1cce702)
Start importing Assets/Scenes/Background/Fantasy Forests/Ruins 3.png using Guid(0a01ef03a4cc84bf3aee7ddc2efeee31) Importer(2089858483,192608db42251d675da83286b1cce702) (ScriptedImporter) -> (artifact id: '300f424e255b6989767115571a3c8950') in 0.018506647 seconds
Number of updated asset objects reloaded before import = 0Number of asset objects unloaded after import = 1

========================================================================
Received Import Request.
  Time since last request: 0.000065 seconds.
  path: Assets/Scenes/Background/Fantasy Forests/Village Tavern 3.png
  artifactKey: Guid(63dca872170a84dc3a9cc34f405af75f) Importer(2089858483,192608db42251d675da83286b1cce702)
Start importing Assets/Scenes/Background/Fantasy Forests/Village Tavern 3.png using Guid(63dca872170a84dc3a9cc34f405af75f) Importer(2089858483,192608db42251d675da83286b1cce702) (ScriptedImporter) -> (artifact id: 'ca226a911eb5fb068e9095f4ea1d36a3') in 0.015028194 seconds
Number of updated asset objects reloaded before import = 0Number of asset objects unloaded after import = 1

========================================================================
Received Import Request.
  Time since last request: 0.000081 seconds.
  path: Assets/Scenes/Background/Fantasy Forests/Castle Prison.png
  artifactKey: Guid(cb105b8e2705e450a9938308cc789ee4) Importer(2089858483,192608db42251d675da83286b1cce702)
Start importing Assets/Scenes/Background/Fantasy Forests/Castle Prison.png using Guid(cb105b8e2705e450a9938308cc789ee4) Importer(2089858483,192608db42251d675da83286b1cce702) (ScriptedImporter) -> (artifact id: '0a36dda6335e95419eb916a430f61175') in 0.01505327 seconds
Number of updated asset objects reloaded before import = 0Number of asset objects unloaded after import = 1

========================================================================
Received Import Request.
  Time since last request: 0.000065 seconds.
  path: Assets/Scenes/Background/Fantasy Forests/Cottage Interior 1.png
  artifactKey: Guid(88bb87f8ac5d64e29912389bf36289a1) Importer(2089858483,192608db42251d675da83286b1cce702)
Start importing Assets/Scenes/Background/Fantasy Forests/Cottage Interior 1.png using Guid(88bb87f8ac5d64e29912389bf36289a1) Importer(2089858483,192608db42251d675da83286b1cce702) (ScriptedImporter) -> (artifact id: 'b70bab31fbd86185f539a3fed7597045') in 0.015050733 seconds
Number of updated asset objects reloaded before import = 0Number of asset objects unloaded after import = 1

========================================================================
Received Import Request.
  Time since last request: 0.000081 seconds.
  path: Assets/Scenes/Background/Fantasy Forests/Castle Staircase 1.png
  artifactKey: Guid(391ccd4b062804e9cb19989b90782542) Importer(2089858483,192608db42251d675da83286b1cce702)
Start importing Assets/Scenes/Background/Fantasy Forests/Castle Staircase 1.png using Guid(391ccd4b062804e9cb19989b90782542) Importer(2089858483,192608db42251d675da83286b1cce702) (ScriptedImporter) -> (artifact id: '73e8622afd0e7d28e459b12075fc6e54') in 0.015002348 seconds
Number of updated asset objects reloaded before import = 0Number of asset objects unloaded after import = 1

========================================================================
Received Import Request.
  Time since last request: 0.000090 seconds.
  path: Assets/Scenes/Background/Fantasy Forests/Ruins 1.png
  artifactKey: Guid(9664e774c0a8244cda3be6664e0d42d9) Importer(2089858483,192608db42251d675da83286b1cce702)
Start importing Assets/Scenes/Background/Fantasy Forests/Ruins 1.png using Guid(9664e774c0a8244cda3be6664e0d42d9) Importer(2089858483,192608db42251d675da83286b1cce702) (ScriptedImporter) -> (artifact id: '3242294ed43ebc922ce16e637aa04b0b') in 0.017467458 seconds
Number of updated asset objects reloaded before import = 0Number of asset objects unloaded after import = 1

========================================================================
Received Import Request.
  Time since last request: 0.000068 seconds.
  path: Assets/Scenes/Background/Fantasy Forests/Cottage Library 1.png
  artifactKey: Guid(4713f93335d574444848acb35881d31f) Importer(2089858483,192608db42251d675da83286b1cce702)
Start importing Assets/Scenes/Background/Fantasy Forests/Cottage Library 1.png using Guid(4713f93335d574444848acb35881d31f) Importer(2089858483,192608db42251d675da83286b1cce702) (ScriptedImporter) -> (artifact id: 'ebe59bede6a68d2d3933caf0c6ff2e0e') in 0.014901637 seconds
Number of updated asset objects reloaded before import = 0Number of asset objects unloaded after import = 1

========================================================================
Received Import Request.
  Time since last request: 0.000100 seconds.
  path: Assets/Scenes/Background/Fantasy Forests/Path 7.png
  artifactKey: Guid(8905ece5eb8864be8b499a8bf99b4353) Importer(2089858483,192608db42251d675da83286b1cce702)
Start importing Assets/Scenes/Background/Fantasy Forests/Path 7.png using Guid(8905ece5eb8864be8b499a8bf99b4353) Importer(2089858483,192608db42251d675da83286b1cce702) (ScriptedImporter) -> (artifact id: '94482f5fbed217b116b17f7b0d5687c9') in 0.016531352 seconds
Number of updated asset objects reloaded before import = 0Number of asset objects unloaded after import = 1

========================================================================
Received Import Request.
  Time since last request: 0.000069 seconds.
  path: Assets/Scenes/Background/Fantasy Forests/Cottage 4.png
  artifactKey: Guid(a2925e266b7634b749ffe0c859fda519) Importer(2089858483,192608db42251d675da83286b1cce702)
Start importing Assets/Scenes/Background/Fantasy Forests/Cottage 4.png using Guid(a2925e266b7634b749ffe0c859fda519) Importer(2089858483,192608db42251d675da83286b1cce702) (ScriptedImporter) -> (artifact id: 'd32151287dfc3ac588e78fb1ffd745d7') in 0.018524161 seconds
Number of updated asset objects reloaded before import = 0Number of asset objects unloaded after import = 1

========================================================================
Received Import Request.
  Time since last request: 0.000074 seconds.
  path: Assets/Scenes/Background/Fantasy Forests/Mist 3.png
  artifactKey: Guid(3f532b4c26d274931aed74c99ec194d6) Importer(2089858483,192608db42251d675da83286b1cce702)
Start importing Assets/Scenes/Background/Fantasy Forests/Mist 3.png using Guid(3f532b4c26d274931aed74c99ec194d6) Importer(2089858483,192608db42251d675da83286b1cce702) (ScriptedImporter) -> (artifact id: 'b4e14f193299c260511bc5fc79e68001') in 0.017017503 seconds
Number of updated asset objects reloaded before import = 0Number of asset objects unloaded after import = 1

========================================================================
Received Import Request.
  Time since last request: 0.000104 seconds.
  path: Assets/Scenes/Background/Fantasy Forests/Castle 3.png
  artifactKey: Guid(01664a4a9f2324e7b8764b41e2908ace) Importer(2089858483,192608db42251d675da83286b1cce702)
Start importing Assets/Scenes/Background/Fantasy Forests/Castle 3.png using Guid(01664a4a9f2324e7b8764b41e2908ace) Importer(2089858483,192608db42251d675da83286b1cce702) (ScriptedImporter) -> (artifact id: '68cfce1c07be02284b76b9300403d4d6') in 0.022231085 seconds
Number of updated asset objects reloaded before import = 0Number of asset objects unloaded after import = 1

========================================================================
Received Import Request.
  Time since last request: 0.000065 seconds.
  path: Assets/Scenes/Background/Fantasy Forests/Village 6.png
  artifactKey: Guid(97f11d5373c344c4ca5a726568cb7119) Importer(2089858483,192608db42251d675da83286b1cce702)
Start importing Assets/Scenes/Background/Fantasy Forests/Village 6.png using Guid(97f11d5373c344c4ca5a726568cb7119) Importer(2089858483,192608db42251d675da83286b1cce702) (ScriptedImporter) -> (artifact id: '1ab3516c75bee3ff58ec0908dbd1d49a') in 0.014955316 seconds
Number of updated asset objects reloaded before import = 0Number of asset objects unloaded after import = 1

========================================================================
Received Import Request.
  Time since last request: 0.000078 seconds.
  path: Assets/Scenes/Background/Fantasy Forests/Cottage 3.png
  artifactKey: Guid(a912514a196fe482eb02a6ebc6e70b9f) Importer(2089858483,192608db42251d675da83286b1cce702)
Start importing Assets/Scenes/Background/Fantasy Forests/Cottage 3.png using Guid(a912514a196fe482eb02a6ebc6e70b9f) Importer(2089858483,192608db42251d675da83286b1cce702) (ScriptedImporter) -> (artifact id: 'b3091885870c4f74423dccd7bf2668da') in 0.015638161 seconds
Number of updated asset objects reloaded before import = 0Number of asset objects unloaded after import = 1

========================================================================
Received Import Request.
  Time since last request: 0.000066 seconds.
  path: Assets/Scenes/Background/Fantasy Forests/Cottage 5.png
  artifactKey: Guid(da76a1aff84ec45a59721e294de1abbd) Importer(2089858483,192608db42251d675da83286b1cce702)
Start importing Assets/Scenes/Background/Fantasy Forests/Cottage 5.png using Guid(da76a1aff84ec45a59721e294de1abbd) Importer(2089858483,192608db42251d675da83286b1cce702) (ScriptedImporter) -> (artifact id: 'a00b0fc85f5564dd4ed5ee1f2d3c0fd7') in 0.014952622 seconds
Number of updated asset objects reloaded before import = 0Number of asset objects unloaded after import = 1

========================================================================
Received Import Request.
  Time since last request: 0.000099 seconds.
  path: Assets/Scenes/Background/Fantasy Forests/Pink 2.png
  artifactKey: Guid(5273204758600494a955394576e35a6f) Importer(2089858483,192608db42251d675da83286b1cce702)
Start importing Assets/Scenes/Background/Fantasy Forests/Pink 2.png using Guid(5273204758600494a955394576e35a6f) Importer(2089858483,192608db42251d675da83286b1cce702) (ScriptedImporter) -> (artifact id: 'c363583403f978f208e689132d10d719') in 0.018190577 seconds
Number of updated asset objects reloaded before import = 0Number of asset objects unloaded after import = 1

========================================================================
Received Import Request.
  Time since last request: 5814.601593 seconds.
  path: Assets/Scenes/Characters/FlyingForestEnemies_FREE/Enemy3/Enemy3-Movement-In-Animation/Enemy3-Die.png
  artifactKey: Guid(78401b09d336f46dd9ab2469e810c777) Importer(2089858483,192608db42251d675da83286b1cce702)
Start importing Assets/Scenes/Characters/FlyingForestEnemies_FREE/Enemy3/Enemy3-Movement-In-Animation/Enemy3-Die.png using Guid(78401b09d336f46dd9ab2469e810c777) Importer(2089858483,192608db42251d675da83286b1cce702) (ScriptedImporter) -> (artifact id: 'af440bbcc068086690945a301a93b55d') in 0.102008748 seconds
Number of updated asset objects reloaded before import = 0Number of asset objects unloaded after import = 1

========================================================================
Received Import Request.
  Time since last request: 0.000292 seconds.
  path: Assets/Scenes/Characters/FlyingForestEnemies_FREE/Enemy3/Enemy3-No-Movement-In-Animation/Enemy3No-Move-Idle.png
  artifactKey: Guid(31ba7f81f7b1e42dea65dc9485e116d8) Importer(2089858483,192608db42251d675da83286b1cce702)
Start importing Assets/Scenes/Characters/FlyingForestEnemies_FREE/Enemy3/Enemy3-No-Movement-In-Animation/Enemy3No-Move-Idle.png using Guid(31ba7f81f7b1e42dea65dc9485e116d8) Importer(2089858483,192608db42251d675da83286b1cce702) (ScriptedImporter) -> (artifact id: '091d01226ebe27e087144ab4ead2bab0') in 0.062046801 seconds
Number of updated asset objects reloaded before import = 0Number of asset objects unloaded after import = 1

========================================================================
Received Import Request.
  Time since last request: 0.000095 seconds.
  path: Assets/Scenes/Characters/FlyingForestEnemies_FREE/Enemy3/Enemy3-Movement-In-Animation/Enemy3-Idle.png
  artifactKey: Guid(b18f7ca91def043fca90dafbbd3adc77) Importer(2089858483,192608db42251d675da83286b1cce702)
Start importing Assets/Scenes/Characters/FlyingForestEnemies_FREE/Enemy3/Enemy3-Movement-In-Animation/Enemy3-Idle.png using Guid(b18f7ca91def043fca90dafbbd3adc77) Importer(2089858483,192608db42251d675da83286b1cce702) (ScriptedImporter) -> (artifact id: '85912c4d97ae913d382b41e3413071cc') in 0.025687671 seconds
Number of updated asset objects reloaded before import = 0Number of asset objects unloaded after import = 1

========================================================================
Received Import Request.
  Time since last request: 0.000124 seconds.
  path: Assets/Scenes/Characters/FlyingForestEnemies_FREE/Enemy3/Enemy3-Movement-In-Animation/Enemy3-AttackSmashLoop.png
  artifactKey: Guid(9cb06eb772d00480db0b76ba41afda4e) Importer(2089858483,192608db42251d675da83286b1cce702)
Start importing Assets/Scenes/Characters/FlyingForestEnemies_FREE/Enemy3/Enemy3-Movement-In-Animation/Enemy3-AttackSmashLoop.png using Guid(9cb06eb772d00480db0b76ba41afda4e) Importer(2089858483,192608db42251d675da83286b1cce702) (ScriptedImporter) -> (artifact id: 'd42996d0f65b5e43dbc7a6f375d9ac36') in 0.023827202 seconds
Number of updated asset objects reloaded before import = 0Number of asset objects unloaded after import = 1

========================================================================
Received Import Request.
  Time since last request: 0.000081 seconds.
  path: Assets/Scenes/Characters/FlyingForestEnemies_FREE/Enemy3/Enemy3-No-Movement-In-Animation/Enemy3No-Move-AttackSmashLoop.png
  artifactKey: Guid(c85bd6cacd6ed41df8fc7c32ca9e72af) Importer(2089858483,192608db42251d675da83286b1cce702)
Start importing Assets/Scenes/Characters/FlyingForestEnemies_FREE/Enemy3/Enemy3-No-Movement-In-Animation/Enemy3No-Move-AttackSmashLoop.png using Guid(c85bd6cacd6ed41df8fc7c32ca9e72af) Importer(2089858483,192608db42251d675da83286b1cce702) (ScriptedImporter) -> (artifact id: '7ef1718d2a80a4df2afccbd8db4149f3') in 0.022084744 seconds
Number of updated asset objects reloaded before import = 0Number of asset objects unloaded after import = 1

========================================================================
Received Import Request.
  Time since last request: 0.000082 seconds.
  path: Assets/Scenes/Characters/FlyingForestEnemies_FREE/Enemy3/Enemy3-No-Movement-In-Animation/Enemy3No-Move-Die.png
  artifactKey: Guid(eacba5d4413d64285a7f3b3ca5c625ec) Importer(2089858483,192608db42251d675da83286b1cce702)
Start importing Assets/Scenes/Characters/FlyingForestEnemies_FREE/Enemy3/Enemy3-No-Movement-In-Animation/Enemy3No-Move-Die.png using Guid(eacba5d4413d64285a7f3b3ca5c625ec) Importer(2089858483,192608db42251d675da83286b1cce702) (ScriptedImporter) -> (artifact id: '518236a32aa91873fc4fa5732166954d') in 0.034414021 seconds
Number of updated asset objects reloaded before import = 0Number of asset objects unloaded after import = 1

========================================================================
Received Import Request.
  Time since last request: 0.000097 seconds.
  path: Assets/Scenes/Characters/FlyingForestEnemies_FREE/Enemy3/Enemy3-No-Movement-In-Animation/Enemy3No-Move-Fly.png
  artifactKey: Guid(6bca2502d7f0d4560baa1f25cb139a5d) Importer(2089858483,192608db42251d675da83286b1cce702)
Start importing Assets/Scenes/Characters/FlyingForestEnemies_FREE/Enemy3/Enemy3-No-Movement-In-Animation/Enemy3No-Move-Fly.png using Guid(6bca2502d7f0d4560baa1f25cb139a5d) Importer(2089858483,192608db42251d675da83286b1cce702) (ScriptedImporter) -> (artifact id: '703b03990e4e4a229a110effe9083a31') in 0.023142639 seconds
Number of updated asset objects reloaded before import = 0Number of asset objects unloaded after import = 1

========================================================================
Received Import Request.
  Time since last request: 0.000112 seconds.
  path: Assets/Scenes/Characters/FlyingForestEnemies_FREE/Enemy3/Enemy3-Movement-In-Animation
  artifactKey: Guid(ac2110334b2ee460dbbd4ff8fc456ce6) Importer(2089858483,192608db42251d675da83286b1cce702)
Start importing Assets/Scenes/Characters/FlyingForestEnemies_FREE/Enemy3/Enemy3-Movement-In-Animation using Guid(ac2110334b2ee460dbbd4ff8fc456ce6) Importer(2089858483,192608db42251d675da83286b1cce702) (ScriptedImporter) -> (artifact id: '325f9382d3814d54a5517cdf511f899c') in 0.007699593 seconds
Number of updated asset objects reloaded before import = 0Number of asset objects unloaded after import = 1

========================================================================
Received Import Request.
  Time since last request: 0.000090 seconds.
  path: Assets/Scenes/Characters/FlyingForestEnemies_FREE/Enemy3/Enemy3-No-Movement-In-Animation/Enemy3No-Move-Hit-NoVFX.png
  artifactKey: Guid(e6a8c24fdae0a43cf91fb17c40e33ae9) Importer(2089858483,192608db42251d675da83286b1cce702)
Start importing Assets/Scenes/Characters/FlyingForestEnemies_FREE/Enemy3/Enemy3-No-Movement-In-Animation/Enemy3No-Move-Hit-NoVFX.png using Guid(e6a8c24fdae0a43cf91fb17c40e33ae9) Importer(2089858483,192608db42251d675da83286b1cce702) (ScriptedImporter) -> (artifact id: 'b9d22900b777d5555b1aae25844f9a18') in 0.025547906 seconds
Number of updated asset objects reloaded before import = 0Number of asset objects unloaded after import = 1

========================================================================
Received Import Request.
  Time since last request: 0.000112 seconds.
  path: Assets/Scenes/Characters/FlyingForestEnemies_FREE/Enemy3/Enemy3-Movement-In-Animation/Enemy3-AttackSmashStart.png
  artifactKey: Guid(64d9fedd5f4f840d4b4a0df2a9f1bca9) Importer(2089858483,192608db42251d675da83286b1cce702)
Start importing Assets/Scenes/Characters/FlyingForestEnemies_FREE/Enemy3/Enemy3-Movement-In-Animation/Enemy3-AttackSmashStart.png using Guid(64d9fedd5f4f840d4b4a0df2a9f1bca9) Importer(2089858483,192608db42251d675da83286b1cce702) (ScriptedImporter) -> (artifact id: 'cf884e2d67c58361df8594ed8422436d') in 0.018661817 seconds
Number of updated asset objects reloaded before import = 0Number of asset objects unloaded after import = 1

========================================================================
Received Import Request.
  Time since last request: 1.857411 seconds.
  path: Assets/Scenes/Characters/Forest_Monsters_FREE/Mushroom/Mushroom without VFX/Mushroom-Stun.png
  artifactKey: Guid(c9046ba05e4a145468fe7082f9a32b0a) Importer(2089858483,192608db42251d675da83286b1cce702)
Start importing Assets/Scenes/Characters/Forest_Monsters_FREE/Mushroom/Mushroom without VFX/Mushroom-Stun.png using Guid(c9046ba05e4a145468fe7082f9a32b0a) Importer(2089858483,192608db42251d675da83286b1cce702) (ScriptedImporter) -> (artifact id: 'a995bf34b55668cc432ac881a50a2c9b') in 0.017944437 seconds
Number of updated asset objects reloaded before import = 0Number of asset objects unloaded after import = 1

========================================================================
Received Import Request.
  Time since last request: 0.000095 seconds.
  path: Assets/Scenes/Characters/Forest_Monsters_FREE/Mushroom/Mushroom without VFX/Mushroom-Hit.png
  artifactKey: Guid(b509858be473e4e219fff9a5b3869203) Importer(2089858483,192608db42251d675da83286b1cce702)
Start importing Assets/Scenes/Characters/Forest_Monsters_FREE/Mushroom/Mushroom without VFX/Mushroom-Hit.png using Guid(b509858be473e4e219fff9a5b3869203) Importer(2089858483,192608db42251d675da83286b1cce702) (ScriptedImporter) -> (artifact id: 'c7fbb2ddb56d2032abc52aed13074d6c') in 0.028263594 seconds
Number of updated asset objects reloaded before import = 0Number of asset objects unloaded after import = 1

========================================================================
Received Import Request.
  Time since last request: 0.000085 seconds.
  path: Assets/Scenes/Characters/Forest_Monsters_FREE/Mushroom/Mushroom with VFX/Mushroom-Idle.png
  artifactKey: Guid(3391658afbe3b4fc5adfafadf2e31323) Importer(2089858483,192608db42251d675da83286b1cce702)
Start importing Assets/Scenes/Characters/Forest_Monsters_FREE/Mushroom/Mushroom with VFX/Mushroom-Idle.png using Guid(3391658afbe3b4fc5adfafadf2e31323) Importer(2089858483,192608db42251d675da83286b1cce702) (ScriptedImporter) -> (artifact id: '34cdf1fd53c689773dda1d21f1b8c355') in 0.015279 seconds
Number of updated asset objects reloaded before import = 0Number of asset objects unloaded after import = 1

========================================================================
Received Import Request.
  Time since last request: 0.000145 seconds.
  path: Assets/Scenes/Characters/Forest_Monsters_FREE/Mushroom/Mushroom without VFX/Mushroom-AttackWithStun.png
  artifactKey: Guid(39e275ee3c2d1479f94f0898d1b8471f) Importer(2089858483,192608db42251d675da83286b1cce702)
Start importing Assets/Scenes/Characters/Forest_Monsters_FREE/Mushroom/Mushroom without VFX/Mushroom-AttackWithStun.png using Guid(39e275ee3c2d1479f94f0898d1b8471f) Importer(2089858483,192608db42251d675da83286b1cce702) (ScriptedImporter) -> (artifact id: 'a4cc6356eecd28bc5fdd24e75bc3c1f7') in 0.017540513 seconds
Number of updated asset objects reloaded before import = 0Number of asset objects unloaded after import = 1

========================================================================
Received Import Request.
  Time since last request: 0.000174 seconds.
  path: Assets/Scenes/Characters/Forest_Monsters_FREE/Mushroom/Mushroom without VFX/Mushroom-Idle.png
  artifactKey: Guid(90d8eec3e513a4cb09da428940bb14eb) Importer(2089858483,192608db42251d675da83286b1cce702)
Start importing Assets/Scenes/Characters/Forest_Monsters_FREE/Mushroom/Mushroom without VFX/Mushroom-Idle.png using Guid(90d8eec3e513a4cb09da428940bb14eb) Importer(2089858483,192608db42251d675da83286b1cce702) (ScriptedImporter) -> (artifact id: '4ffedd0223ae98c548f22f9e9078840e') in 0.015566165 seconds
Number of updated asset objects reloaded before import = 0Number of asset objects unloaded after import = 1

========================================================================
Received Import Request.
  Time since last request: 0.000109 seconds.
  path: Assets/Scenes/Characters/Forest_Monsters_FREE/Mushroom/Mushroom with VFX/Mushroom-Run.png
  artifactKey: Guid(c4580b7ac8b264e81a180935d2ca9b76) Importer(2089858483,192608db42251d675da83286b1cce702)
Start importing Assets/Scenes/Characters/Forest_Monsters_FREE/Mushroom/Mushroom with VFX/Mushroom-Run.png using Guid(c4580b7ac8b264e81a180935d2ca9b76) Importer(2089858483,192608db42251d675da83286b1cce702) (ScriptedImporter) -> (artifact id: '40d84dffd3f8404b6c058db3d067135c') in 0.016064482 seconds
Number of updated asset objects reloaded before import = 0Number of asset objects unloaded after import = 1

========================================================================
Received Import Request.
  Time since last request: 0.000098 seconds.
  path: Assets/Scenes/Characters/Forest_Monsters_FREE
  artifactKey: Guid(a82b86edf049d4f05a741939c7f8d135) Importer(2089858483,192608db42251d675da83286b1cce702)
Start importing Assets/Scenes/Characters/Forest_Monsters_FREE using Guid(a82b86edf049d4f05a741939c7f8d135) Importer(2089858483,192608db42251d675da83286b1cce702) (ScriptedImporter) -> (artifact id: 'eebaa915819e0e166a7d3e782272e06f') in 0.004809979 seconds
Number of updated asset objects reloaded before import = 0Number of asset objects unloaded after import = 1

========================================================================
Received Import Request.
  Time since last request: 0.000088 seconds.
  path: Assets/Scenes/Characters/Forest_Monsters_FREE/Mushroom/Mushroom without VFX
  artifactKey: Guid(ab9b952322eaa4af986437cdbad02fff) Importer(2089858483,192608db42251d675da83286b1cce702)
Start importing Assets/Scenes/Characters/Forest_Monsters_FREE/Mushroom/Mushroom without VFX using Guid(ab9b952322eaa4af986437cdbad02fff) Importer(2089858483,192608db42251d675da83286b1cce702) (ScriptedImporter) -> (artifact id: '16e7f132dedeaaea5a1326a26bcbf2ba') in 0.009147385 seconds
Number of updated asset objects reloaded before import = 0Number of asset objects unloaded after import = 1

========================================================================
Received Import Request.
  Time since last request: 0.000082 seconds.
  path: Assets/Scenes/Characters/Forest_Monsters_FREE/Mushroom/Mushroom with VFX/Mushroom-Hit.png
  artifactKey: Guid(01320098c34ac4467aeaf4c9eb5c0f72) Importer(2089858483,192608db42251d675da83286b1cce702)
Start importing Assets/Scenes/Characters/Forest_Monsters_FREE/Mushroom/Mushroom with VFX/Mushroom-Hit.png using Guid(01320098c34ac4467aeaf4c9eb5c0f72) Importer(2089858483,192608db42251d675da83286b1cce702) (ScriptedImporter) -> (artifact id: 'e385ba6beba9e84bd414088bef513e01') in 0.022999815 seconds
Number of updated asset objects reloaded before import = 0Number of asset objects unloaded after import = 1

========================================================================
Received Prepare
WARNING: Shader Unsupported: 'Universal Render Pipeline/VR/SpatialMapping/Wireframe' - All subshaders removed
WARNING: Shader Did you use #pragma only_renderers and omit this platform?
WARNING: Shader If subshaders removal was intentional, you may have forgotten turning Fallback off?
WARNING: Shader Unsupported: 'Universal Render Pipeline/VR/SpatialMapping/Wireframe' - All subshaders removed
WARNING: Shader Did you use #pragma only_renderers and omit this platform?
WARNING: Shader If subshaders removal was intentional, you may have forgotten turning Fallback off?
Refreshing native plugins compatible for Editor in 0.77 ms, found 1 plugins.
Preloading 0 native plugins for Editor in 0.00 ms.
Unloading 28 Unused Serialized files (Serialized files now loaded: 0)
Unloading 6131 unused Assets / (6.4 MB). Loaded Objects now: 6807.
Memory consumption went from 134.3 MB to 127.8 MB.
Total: 291.971241 ms (FindLiveObjects: 3.309364 ms CreateObjectMapping: 1.836057 ms MarkObjects: 280.600794 ms  DeleteObjects: 6.223112 ms)

Prepare: number of updated asset objects reloaded= 0
========================================================================
Received Prepare
Begin MonoManager ReloadAssembly
[Licensing::Client] Successfully resolved entitlement details
[Licensing::Module] License group:
  Id: F4-J6TW-NBEP-WMXT-XA6M-XXXX
  Product: Unity Personal
  Type: ULF
  Expiration: Unlimited
[Licensing::Module] License group:
  Id: 1375080557117-UnityPersXXXX
  Product: Unity Personal
  Type: Assigned
  Expiration: Unlimited
- Loaded All Assemblies, in  2.739 seconds
Refreshing native plugins compatible for Editor in 0.71 ms, found 1 plugins.
Native extension for OSXStandalone target not found
[Package Manager] Failed to launch server process. Reason: Unity was launched with the -noUpm command-line argument
[Package Manager] Unable to send message (not connected to server process).
[Package Manager] Cannot connect to Unity Package Manager local server
Mono: successfully reloaded assembly
- Finished resetting the current domain, in  1.650 seconds
Domain Reload Profiling: 4397ms
	BeginReloadAssembly (1243ms)
		ExecutionOrderSort (0ms)
		DisableScriptedObjects (97ms)
		BackupInstance (0ms)
		ReleaseScriptingObjects (1ms)
		CreateAndSetChildDomain (509ms)
	RebuildCommonClasses (118ms)
	RebuildNativeTypeToScriptingClass (28ms)
	initialDomainReloadingComplete (95ms)
	LoadAllAssembliesAndSetupDomain (1262ms)
		LoadAssemblies (1065ms)
		RebuildTransferFunctionScriptingTraits (0ms)
		AnalyzeDomain (529ms)
			TypeCache.Refresh (28ms)
				TypeCache.ScanAssembly (1ms)
			BuildScriptInfoCaches (455ms)
			ResolveRequiredComponents (26ms)
	FinalizeReload (1651ms)
		ReleaseScriptCaches (0ms)
		RebuildScriptCaches (0ms)
		SetupLoadedEditorAssemblies (1233ms)
			LogAssemblyErrors (0ms)
			InitializePlatformSupportModulesInManaged (7ms)
			SetLoadedEditorAssemblies (11ms)
			BeforeProcessingInitializeOnLoad (272ms)
			ProcessInitializeOnLoadAttributes (812ms)
			ProcessInitializeOnLoadMethodAttributes (128ms)
			AfterProcessingInitializeOnLoad (2ms)
			EditorAssembliesLoaded (2ms)
		ExecutionOrderSort2 (0ms)
		AwakeInstancesAfterBackupRestoration (36ms)
WARNING: Shader Unsupported: 'Universal Render Pipeline/VR/SpatialMapping/Wireframe' - All subshaders removed
WARNING: Shader Did you use #pragma only_renderers and omit this platform?
WARNING: Shader If subshaders removal was intentional, you may have forgotten turning Fallback off?
WARNING: Shader Unsupported: 'Universal Render Pipeline/VR/SpatialMapping/Wireframe' - All subshaders removed
WARNING: Shader Did you use #pragma only_renderers and omit this platform?
WARNING: Shader If subshaders removal was intentional, you may have forgotten turning Fallback off?
Refreshing native plugins compatible for Editor in 0.81 ms, found 1 plugins.
Preloading 0 native plugins for Editor in 0.00 ms.
Unloading 27 Unused Serialized files (Serialized files now loaded: 0)
Unloading 6135 unused Assets / (7.4 MB). Loaded Objects now: 6824.
Memory consumption went from 145.0 MB to 137.6 MB.
Total: 24.972871 ms (FindLiveObjects: 1.344833 ms CreateObjectMapping: 1.709800 ms MarkObjects: 14.839238 ms  DeleteObjects: 7.077377 ms)

Prepare: number of updated asset objects reloaded= 0
========================================================================
Received Prepare
WARNING: Shader Unsupported: 'Universal Render Pipeline/VR/SpatialMapping/Wireframe' - All subshaders removed
WARNING: Shader Did you use #pragma only_renderers and omit this platform?
WARNING: Shader If subshaders removal was intentional, you may have forgotten turning Fallback off?
WARNING: Shader Unsupported: 'Universal Render Pipeline/VR/SpatialMapping/Wireframe' - All subshaders removed
WARNING: Shader Did you use #pragma only_renderers and omit this platform?
WARNING: Shader If subshaders removal was intentional, you may have forgotten turning Fallback off?
Refreshing native plugins compatible for Editor in 1.41 ms, found 1 plugins.
Preloading 0 native plugins for Editor in 0.00 ms.
Unloading 27 Unused Serialized files (Serialized files now loaded: 0)
Unloading 6129 unused Assets / (7.1 MB). Loaded Objects now: 6824.
Memory consumption went from 136.7 MB to 129.6 MB.
Total: 18.930298 ms (FindLiveObjects: 1.129209 ms CreateObjectMapping: 1.365740 ms MarkObjects: 10.380436 ms  DeleteObjects: 6.053272 ms)

Prepare: number of updated asset objects reloaded= 0
========================================================================
Received Import Request.
  Time since last request: 2908.718459 seconds.
  path: Assets/Scenes/Characters/TestScript.cs
  artifactKey: Guid(a568792a5e94f407ab80a7aa1db42789) Importer(815301076,1909f56bfc062723c751e8b465ee728b)
Start importing Assets/Scenes/Characters/TestScript.cs using Guid(a568792a5e94f407ab80a7aa1db42789) Importer(815301076,1909f56bfc062723c751e8b465ee728b) (PreviewImporter) -> (artifact id: 'ab0bca0119ab74114ae7eba6d5d6b657') in 0.049493671 seconds
Number of updated asset objects reloaded before import = 0Number of asset objects unloaded after import = 0

========================================================================
Received Prepare
Begin MonoManager ReloadAssembly
- Loaded All Assemblies, in  2.977 seconds
Refreshing native plugins compatible for Editor in 1.59 ms, found 1 plugins.
Native extension for OSXStandalone target not found
[Package Manager] Failed to launch server process. Reason: Unity was launched with the -noUpm command-line argument
[Package Manager] Unable to send message (not connected to server process).
[Package Manager] Cannot connect to Unity Package Manager local server
Mono: successfully reloaded assembly
- Finished resetting the current domain, in  2.180 seconds
Domain Reload Profiling: 5165ms
	BeginReloadAssembly (996ms)
		ExecutionOrderSort (0ms)
		DisableScriptedObjects (37ms)
		BackupInstance (0ms)
		ReleaseScriptingObjects (1ms)
		CreateAndSetChildDomain (344ms)
	RebuildCommonClasses (143ms)
	RebuildNativeTypeToScriptingClass (38ms)
	initialDomainReloadingComplete (136ms)
	LoadAllAssembliesAndSetupDomain (1671ms)
		LoadAssemblies (1392ms)
		RebuildTransferFunctionScriptingTraits (0ms)
		AnalyzeDomain (701ms)
			TypeCache.Refresh (40ms)
				TypeCache.ScanAssembly (1ms)
			BuildScriptInfoCaches (607ms)
			ResolveRequiredComponents (35ms)
	FinalizeReload (2181ms)
		ReleaseScriptCaches (0ms)
		RebuildScriptCaches (0ms)
		SetupLoadedEditorAssemblies (1567ms)
			LogAssemblyErrors (1ms)
			InitializePlatformSupportModulesInManaged (13ms)
			SetLoadedEditorAssemblies (28ms)
			BeforeProcessingInitializeOnLoad (567ms)
			ProcessInitializeOnLoadAttributes (819ms)
			ProcessInitializeOnLoadMethodAttributes (136ms)
			AfterProcessingInitializeOnLoad (2ms)
			EditorAssembliesLoaded (1ms)
		ExecutionOrderSort2 (0ms)
		AwakeInstancesAfterBackupRestoration (25ms)
WARNING: Shader Unsupported: 'Universal Render Pipeline/VR/SpatialMapping/Wireframe' - All subshaders removed
WARNING: Shader Did you use #pragma only_renderers and omit this platform?
WARNING: Shader If subshaders removal was intentional, you may have forgotten turning Fallback off?
WARNING: Shader Unsupported: 'Universal Render Pipeline/VR/SpatialMapping/Wireframe' - All subshaders removed
WARNING: Shader Did you use #pragma only_renderers and omit this platform?
WARNING: Shader If subshaders removal was intentional, you may have forgotten turning Fallback off?
Refreshing native plugins compatible for Editor in 1.09 ms, found 1 plugins.
Preloading 0 native plugins for Editor in 0.00 ms.
Unloading 27 Unused Serialized files (Serialized files now loaded: 0)
Unloading 6135 unused Assets / (7.3 MB). Loaded Objects now: 6827.
Memory consumption went from 141.9 MB to 134.6 MB.
Total: 18.516671 ms (FindLiveObjects: 1.000470 ms CreateObjectMapping: 1.537802 ms MarkObjects: 9.946188 ms  DeleteObjects: 6.030795 ms)

Prepare: number of updated asset objects reloaded= 0
